** Message: environement.vala:58: Exporting primary_variable
** Message: environement.vala:59: desktop_environnement XDG_CURRENT_DESKTOP
** Message: environement.vala:150: confir_dirs is null, export : /etc/xdg
** Message: environement.vala:184: Exporting XDG_CONFIG_DIRS
** Message: environement.vala:218: custom_data :
** Message: environement.vala:219: data_dirs :/usr/local/share:/usr/share/raspi-ui-overrides:/usr/share:/usr/share/gdm:/var/lib/menu-xdg
** Message: environement.vala:220: data_dirs not null, export : /usr/local/share:/usr/share/raspi-ui-overrides:/usr/share:/usr/share/gdm:/var/lib/menu-xdg
** Message: environement.vala:225: Exporting XDG_DATA_DIRS
** Message: utils.vala:127: User config used : /home/pi/.config/lxsession/LXDE-pi/desktop.conf
** Message: utils.vala:148: Final file used : /home/pi/.config/lxsession/LXDE-pi/desktop.conf
** Message: utils.vala:39: Config system location : /etc/xdg/lxsession/LXDE-pi
** Message: utils.vala:45: System system path location : /etc/xdg/lxsession/LXDE-pi/desktop.conf
** Message: settings.vala:540: Die Schlüsselwertedatei hat keinen Schlüssel »iGtk/ColorScheme« in der Gruppe »GTK«
** Message: settings.vala:540: Die Schlüsselwertedatei hat keinen Schlüssel »windows_manager/command« in der Gruppe »Session«
** Message: settings.vala:540: Die Schlüsselwertedatei hat keinen Schlüssel »panel/command« in der Gruppe »Session«
** Message: settings.vala:540: Die Schlüsselwertedatei hat keinen Schlüssel »dock/command« in der Gruppe »Session«
** Message: settings.vala:540: Die Schlüsselwertedatei hat keinen Schlüssel »file_manager/command« in der Gruppe »Session«
** Message: settings.vala:540: Die Schlüsselwertedatei hat keinen Schlüssel »desktop_manager/command« in der Gruppe »Session«
** Message: settings.vala:540: Die Schlüsselwertedatei hat keinen Schlüssel »launcher_manager/autostart« in der Gruppe »Session«
** Message: settings.vala:540: Die Schlüsselwertedatei hat keinen Schlüssel »composite_manager/command« in der Gruppe »Session«
** Message: settings.vala:540: Die Schlüsselwertedatei hat keinen Schlüssel »im1/command« in der Gruppe »Session«
** Message: settings.vala:540: Die Schlüsselwertedatei hat keinen Schlüssel »im2/command« in der Gruppe »Session«
** Message: settings.vala:540: Die Schlüsselwertedatei hat keinen Schlüssel »widget1/command« in der Gruppe »Session«
** Message: settings.vala:540: Die Schlüsselwertedatei hat keinen Schlüssel »notification/command« in der Gruppe »Session«
** Message: settings.vala:540: Die Schlüsselwertedatei hat keinen Schlüssel »keybindings/command« in der Gruppe »Session«
** Message: settings.vala:540: Die Schlüsselwertedatei hat keinen Schlüssel »im_manager/command« in der Gruppe »Session«
** Message: settings.vala:540: Die Schlüsselwertedatei hat keinen Schlüssel »screensaver/command« in der Gruppe »Session«
** Message: settings.vala:540: Die Schlüsselwertedatei hat keinen Schlüssel »power_manager/command« in der Gruppe »Session«
** Message: settings.vala:540: Die Schlüsselwertedatei hat keinen Schlüssel »audio_manager/command« in der Gruppe »Session«
** Message: settings.vala:540: Die Schlüsselwertedatei hat keinen Schlüssel »workspace_manager/command« in der Gruppe »Session«
** Message: settings.vala:540: Die Schlüsselwertedatei hat keinen Schlüssel »screenshot_manager/command« in der Gruppe »Session«
** Message: settings.vala:540: Die Schlüsselwertedatei hat keinen Schlüssel »message_manager/command« in der Gruppe »Session«
** Message: settings.vala:540: Die Schlüsselwertedatei hat keinen Schlüssel »upgrade_manager/command« in der Gruppe »Session«
** Message: settings.vala:540: Die Schlüsselwertedatei hat keinen Schlüssel »updates_manager/command« in der Gruppe »Session«
** Message: settings.vala:540: Die Schlüsselwertedatei hat keinen Schlüssel »updates_manager/timeout« in der Gruppe »Session«
** Message: settings.vala:540: Die Schlüsselwertedatei hat keinen Schlüssel »crash_manager/command« in der Gruppe »Session«
** Message: settings.vala:540: Die Schlüsselwertedatei hat keinen Schlüssel »crash_manager/dev_mode« in der Gruppe »Session«
** Message: settings.vala:540: Die Schlüsselwertedatei hat keinen Schlüssel »crash_manager/timeout« in der Gruppe »Session«
** Message: settings.vala:540: Die Schlüsselwertedatei hat keinen Schlüssel »upstart_user_session« in der Gruppe »Session«
** Message: settings.vala:540: Die Schlüsselwertedatei hat keinen Schlüssel »proxy_manager/http« in der Gruppe »Session«
** Message: settings.vala:540: Die Schlüsselwertedatei hat keinen Schlüssel »a11y/command« in der Gruppe »Session«
** Message: settings.vala:540: Die Schlüsselwertedatei hat keinen Schlüssel »xrandr/command« in der Gruppe »Session«
** Message: settings.vala:540: Die Schlüsselwertedatei hat keinen Schlüssel »network_gui/command« in der Gruppe »Session«
** Message: settings.vala:540: Die Schlüsselwertedatei hat keinen Schlüssel »webbrowser/command« in der Gruppe »Session«
** Message: settings.vala:540: Die Schlüsselwertedatei hat keinen Schlüssel »email/command« in der Gruppe »Session«
** Message: settings.vala:540: Die Schlüsselwertedatei hat keinen Schlüssel »pdf_reader/command« in der Gruppe »Session«
** Message: settings.vala:540: Die Schlüsselwertedatei hat keinen Schlüssel »video_player/command« in der Gruppe »Session«
** Message: settings.vala:540: Die Schlüsselwertedatei hat keinen Schlüssel »audio_player/command« in der Gruppe »Session«
** Message: settings.vala:540: Die Schlüsselwertedatei hat keinen Schlüssel »images_display/command« in der Gruppe »Session«
** Message: settings.vala:540: Die Schlüsselwertedatei hat keinen Schlüssel »text_editor/command« in der Gruppe »Session«
** Message: settings.vala:540: Die Schlüsselwertedatei hat keinen Schlüssel »archive/command« in der Gruppe »Session«
** Message: settings.vala:540: Die Schlüsselwertedatei hat keinen Schlüssel »charmap/command« in der Gruppe »Session«
** Message: settings.vala:540: Die Schlüsselwertedatei hat keinen Schlüssel »calculator/command« in der Gruppe »Session«
** Message: settings.vala:540: Die Schlüsselwertedatei hat keinen Schlüssel »spreadsheet/command« in der Gruppe »Session«
** Message: settings.vala:540: Die Schlüsselwertedatei hat keinen Schlüssel »bittorent/command« in der Gruppe »Session«
** Message: settings.vala:540: Die Schlüsselwertedatei hat keinen Schlüssel »document/command« in der Gruppe »Session«
** Message: settings.vala:540: Die Schlüsselwertedatei hat keinen Schlüssel »webcam/command« in der Gruppe »Session«
** Message: settings.vala:540: Die Schlüsselwertedatei hat keinen Schlüssel »burn/command« in der Gruppe »Session«
** Message: settings.vala:540: Die Schlüsselwertedatei hat keinen Schlüssel »notes/command« in der Gruppe »Session«
** Message: settings.vala:540: Die Schlüsselwertedatei hat keinen Schlüssel »disk_utility/command« in der Gruppe »Session«
** Message: settings.vala:540: Die Schlüsselwertedatei hat keinen Schlüssel »tasks/command« in der Gruppe »Session«
** Message: settings.vala:540: Die Schlüsselwertedatei enthält nicht die Gruppe »Keymap«
** Message: settings.vala:540: Die Schlüsselwertedatei hat keinen Schlüssel »laptop_mode« in der Gruppe »State«
** Message: settings.vala:540: Die Schlüsselwertedatei hat keinen Schlüssel »gnome« in der Gruppe »Dbus«
** Message: settings.vala:540: Die Schlüsselwertedatei hat keinen Schlüssel »type« in der Gruppe »Environment«
** Message: settings.vala:540: Die Schlüsselwertedatei hat keinen Schlüssel »ubuntu_menuproxy« in der Gruppe »Environment«
** Message: settings.vala:540: Die Schlüsselwertedatei hat keinen Schlüssel »toolkit_integration« in der Gruppe »Environment«
** Message: settings.vala:540: Die Schlüsselwertedatei hat keinen Schlüssel »gtk/overlay_scrollbar_disable« in der Gruppe »Environment«
** Message: settings.vala:540: Die Schlüsselwertedatei hat keinen Schlüssel »qt/force_theme« in der Gruppe »Environment«
** Message: settings.vala:540: Die Schlüsselwertedatei hat keinen Schlüssel »qt/platform« in der Gruppe »Environment«
** Message: settings.vala:462: Monitoring: /home/pi/.config/lxsession/LXDE-pi/desktop.conf
** Message: settings.vala:466: Desktop file is already in config home, do nothing
** Message: environement.vala:79: Exporting variable
** Message: environement.vala:80: desktop_environnement XDG_CURRENT_DESKTOP
** Message: environement.vala:177: custom_config :
** Message: environement.vala:178: config_dirs :/etc/xdg
** Message: environement.vala:179: confir_dirs not null, export : /etc/xdg
** Message: environement.vala:184: Exporting XDG_CONFIG_DIRS
** Message: environement.vala:218: custom_data :
** Message: environement.vala:219: data_dirs :/usr/local/share:/usr/share/raspi-ui-overrides:/usr/share:/usr/share/gdm:/var/lib/menu-xdg
** Message: environement.vala:220: data_dirs not null, export : /usr/local/share:/usr/share/raspi-ui-overrides:/usr/share:/usr/share/gdm:/var/lib/menu-xdg
** Message: environement.vala:225: Exporting XDG_DATA_DIRS
** Message: utils.vala:39: Config system location : /etc/xdg/lxsession/LXDE-pi
** Message: utils.vala:45: System system path location : /etc/xdg/lxsession/LXDE-pi/desktop.conf
** Message: environement.vala:254: No entry in [Environment_variable]. Die Schlüsselwertedatei enthält nicht die Gruppe »Environment_variable«
** Message: utils.vala:138: Config system location : /etc/xdg/lxsession/LXDE-pi
** Message: utils.vala:144: System system path location : /etc/xdg/lxsession/LXDE-pi/conffiles.conf
** Message: utils.vala:148: Final file used : /etc/xdg/lxsession/LXDE-pi/conffiles.conf
** Message: options.vala:164: Activate xsettings_manager build-in
** Message: utils.vala:39: Config system location : /etc/xdg/lxsession/LXDE-pi
** Message: utils.vala:45: System system path location : /etc/xdg/lxsession/LXDE-pi/desktop.conf
xprop:  no such property "_NET_NUMBER_OF_DESKTOPS"
xprop:  no such property "_NET_DESKTOP_NAMES"
** Message: app.vala:721: polkit separate
** Message: app.vala:721: polkit separate
** Message: app.vala:76: Launching lxpolkit 
** Message: utils.vala:138: Config system location : /etc/xdg/lxsession/LXDE-pi
** Message: utils.vala:144: System system path location : /etc/xdg/lxsession/LXDE-pi/autostart
** Message: utils.vala:148: Final file used : /etc/xdg/lxsession/LXDE-pi/autostart
** Message: autostart.vala:42: Autostart path : /etc/xdg/lxsession/LXDE-pi/autostart
** Message: app.vala:76: Launching lxpanel 
** Message: app.vala:76: Launching pcmanfm 

** (lxsession:472): WARNING **: app.vala:86: Kindprozess »xscreensaver« konnte nicht ausgeführt werden (Datei oder Verzeichnis nicht gefunden)

** (lxsession:472): WARNING **: app.vala:87: Error when launching xscreensaver
** Message: app.vala:76: Launching point-rpi 
** Message: options.vala:107: Create build-in Clipboard
** Message: main.vala:442: Check keymap_mode (null)
** Message: app.vala:76: Launching /usr/bin/ssh-agent 
SSH_AUTH_SOCK=/tmp/ssh-6GEyTW4rcOig/agent.596; export SSH_AUTH_SOCK;
SSH_AGENT_PID=598; export SSH_AGENT_PID;
echo Agent pid 598;
xrandr: Failed to get size of gamma for output default
** Message: app.vala:130: point-rpi exit with this type of exit: 0
** Message: app.vala:130: /usr/bin/ssh-agent exit with this type of exit: 0
Openbox-Message: Keine gültige Menü-Datei "/usr/share/lxde/openbox/menu.xml" vorhanden
** Message: Connecting ...
** Message: Status changed to down

** (lxpanel:589): CRITICAL **: dhcpcd_open: Unpassender IOCTL (I/O-Control) für das Gerät
** Message: bt: Name org.bluez owned on DBus
** Message: bt: New agent manager found
** Message: bt: New adapter found
** Message: va: Name org.bluez owned on DBus
** Message: Status changed to opened
** Message: Connected to dhcpcd-6.11.5
** Message: Status changed to connecting
** Message: wlan0: Associated with Raspberry Pi Lab
** Message: eth0: Link is down
** Message: wlan0: WPA status connected
** Message: wlan0: Received scan results
geany 
lxterminal
** Message: wlan0: Received scan results
** Message: wlan0: Received scan results
** Message: wlan0: Received scan results
** Message: wlan0: Received scan results
** Message: wlan0: Received scan results
** Message: wlan0: Received scan results
** Message: wlan0: Received scan results
** Message: wlan0: Received scan results
** Message: wlan0: Received scan results
** Message: wlan0: Received scan results
** Message: wlan0: Received scan results
** Message: wlan0: Received scan results
** Message: wlan0: Received scan results
** Message: wlan0: Received scan results
** Message: wlan0: Received scan results
** Message: wlan0: Received scan results
** Message: wlan0: Received scan results
** Message: wlan0: Received scan results
** Message: wlan0: Received scan results
** Message: wlan0: Received scan results
** Message: wlan0: Received scan results
** Message: wlan0: Received scan results
** Message: wlan0: Received scan results
** Message: wlan0: Received scan results
** Message: wlan0: Received scan results
** Message: wlan0: Received scan results
** Message: wlan0: Received scan results
** Message: wlan0: Received scan results
** Message: wlan0: Received scan results

** (lxpanel:589): WARNING **: lxpanel : X error: BadWindow (invalid Window parameter)
** Message: wlan0: Received scan results
** Message: wlan0: Received scan results
pcmanfm 
** Message: wlan0: Received scan results
lxterminal
